<?xml version="1.0" encoding="UTF-8"?>
<testsuite name="ProductService - Unit Tests" tests="17" skipped="0" failures="0" errors="0" timestamp="2025-11-07T16:04:52.510Z" hostname="kalirxs" time="11.214">
  <properties/>
  <testcase name="CREATE - Precio cero debe lanzar IllegalArgumentException" classname="com.rafaelperez.tiendaonline.business.ProductServiceTest" time="9.184"/>
  <testcase name="CREATE - Producto válido debe retornar producto creado con ID" classname="com.rafaelperez.tiendaonline.business.ProductServiceTest" time="0.804"/>
  <testcase name="CREATE - Nombre vacío debe lanzar IllegalArgumentException" classname="com.rafaelperez.tiendaonline.business.ProductServiceTest" time="0.012"/>
  <testcase name="CREATE - Precio null debe lanzar IllegalArgumentException" classname="com.rafaelperez.tiendaonline.business.ProductServiceTest" time="0.014"/>
  <testcase name="CREATE - Vendedor inexistente debe lanzar RuntimeException" classname="com.rafaelperez.tiendaonline.business.ProductServiceTest" time="0.029"/>
  <testcase name="READ ALL - Debe retornar lista de productos" classname="com.rafaelperez.tiendaonline.business.ProductServiceTest" time="0.499"/>
  <testcase name="CREATE - Precio negativo debe lanzar IllegalArgumentException" classname="com.rafaelperez.tiendaonline.business.ProductServiceTest" time="0.011"/>
  <testcase name="CREATE - Stock negativo debe lanzar IllegalArgumentException" classname="com.rafaelperez.tiendaonline.business.ProductServiceTest" time="0.079"/>
  <testcase name="UPDATE - Producto inexistente debe lanzar RuntimeException" classname="com.rafaelperez.tiendaonline.business.ProductServiceTest" time="0.066"/>
  <testcase name="READ - Producto existente debe retornar producto" classname="com.rafaelperez.tiendaonline.business.ProductServiceTest" time="0.03"/>
  <testcase name="CREATE - SellerId null debe lanzar IllegalArgumentException" classname="com.rafaelperez.tiendaonline.business.ProductServiceTest" time="0.025"/>
  <testcase name="READ - Producto inexistente debe lanzar RuntimeException" classname="com.rafaelperez.tiendaonline.business.ProductServiceTest" time="0.023"/>
  <testcase name="CREATE - Nombre null debe lanzar IllegalArgumentException" classname="com.rafaelperez.tiendaonline.business.ProductServiceTest" time="0.038"/>
  <testcase name="DELETE - Producto inexistente debe lanzar RuntimeException" classname="com.rafaelperez.tiendaonline.business.ProductServiceTest" time="0.018"/>
  <testcase name="CREATE - Nombre muy largo debe lanzar IllegalArgumentException" classname="com.rafaelperez.tiendaonline.business.ProductServiceTest" time="0.022"/>
  <testcase name="DELETE - Producto existente debe completar sin error" classname="com.rafaelperez.tiendaonline.business.ProductServiceTest" time="0.026"/>
  <testcase name="UPDATE - Datos válidos debe retornar producto actualizado" classname="com.rafaelperez.tiendaonline.business.ProductServiceTest" time="0.036"/>
  <system-out><![CDATA[2025-11-07T11:05:01.358-05:00  INFO 907031 --- [tienda-virtual-api] [    Test worker] c.r.t.b.service.impl.ProductServiceImpl  : Creando nuevo producto: Laptop Test
2025-11-07T11:05:02.075-05:00  INFO 907031 --- [tienda-virtual-api] [    Test worker] c.r.t.b.service.impl.ProductServiceImpl  : Creando nuevo producto: Laptop Test
2025-11-07T11:05:02.107-05:00  INFO 907031 --- [tienda-virtual-api] [    Test worker] c.r.t.b.service.impl.ProductServiceImpl  : Producto creado exitosamente con ID: 1
2025-11-07T11:05:02.554-05:00  INFO 907031 --- [tienda-virtual-api] [    Test worker] c.r.t.b.service.impl.ProductServiceImpl  : Creando nuevo producto: 
2025-11-07T11:05:02.574-05:00  INFO 907031 --- [tienda-virtual-api] [    Test worker] c.r.t.b.service.impl.ProductServiceImpl  : Creando nuevo producto: Laptop Test
2025-11-07T11:05:02.610-05:00  INFO 907031 --- [tienda-virtual-api] [    Test worker] c.r.t.b.service.impl.ProductServiceImpl  : Creando nuevo producto: Laptop Test
2025-11-07T11:05:03.157-05:00  INFO 907031 --- [tienda-virtual-api] [    Test worker] c.r.t.b.service.impl.ProductServiceImpl  : Creando nuevo producto: Laptop Test
2025-11-07T11:05:03.249-05:00  INFO 907031 --- [tienda-virtual-api] [    Test worker] c.r.t.b.service.impl.ProductServiceImpl  : Creando nuevo producto: Laptop Test
2025-11-07T11:05:03.331-05:00  INFO 907031 --- [tienda-virtual-api] [    Test worker] c.r.t.b.service.impl.ProductServiceImpl  : Actualizando producto ID: 999
2025-11-07T11:05:03.339-05:00  WARN 907031 --- [tienda-virtual-api] [    Test worker] c.r.t.b.service.impl.ProductServiceImpl  : Producto no encontrado con ID: 999
2025-11-07T11:05:03.447-05:00  INFO 907031 --- [tienda-virtual-api] [    Test worker] c.r.t.b.service.impl.ProductServiceImpl  : Creando nuevo producto: Laptop Test
2025-11-07T11:05:03.487-05:00  WARN 907031 --- [tienda-virtual-api] [    Test worker] c.r.t.b.service.impl.ProductServiceImpl  : Producto no encontrado con ID: 999
2025-11-07T11:05:03.526-05:00  INFO 907031 --- [tienda-virtual-api] [    Test worker] c.r.t.b.service.impl.ProductServiceImpl  : Creando nuevo producto: null
2025-11-07T11:05:03.591-05:00  INFO 907031 --- [tienda-virtual-api] [    Test worker] c.r.t.b.service.impl.ProductServiceImpl  : Eliminando producto ID: 999
2025-11-07T11:05:03.592-05:00  WARN 907031 --- [tienda-virtual-api] [    Test worker] c.r.t.b.service.impl.ProductServiceImpl  : Intento de eliminar producto inexistente ID: 999
2025-11-07T11:05:03.612-05:00  INFO 907031 --- [tienda-virtual-api] [    Test worker] c.r.t.b.service.impl.ProductServiceImpl  : Creando nuevo producto: aaaaaaaaaaaaaaaaaaaaaaaaaaaaaaaaaaaaaaaaaaaaaaaaaaaaaaaaaaaaaaaaaaaaaaaaaaaaaaaaaaaaaaaaaaaaaaaaaaaaa
2025-11-07T11:05:03.660-05:00  INFO 907031 --- [tienda-virtual-api] [    Test worker] c.r.t.b.service.impl.ProductServiceImpl  : Eliminando producto ID: 1
2025-11-07T11:05:03.664-05:00  INFO 907031 --- [tienda-virtual-api] [    Test worker] c.r.t.b.service.impl.ProductServiceImpl  : Producto eliminado exitosamente ID: 1
2025-11-07T11:05:03.708-05:00  INFO 907031 --- [tienda-virtual-api] [    Test worker] c.r.t.b.service.impl.ProductServiceImpl  : Actualizando producto ID: 1
2025-11-07T11:05:03.722-05:00  INFO 907031 --- [tienda-virtual-api] [    Test worker] c.r.t.b.service.impl.ProductServiceImpl  : Producto actualizado exitosamente ID: 1
]]></system-out>
  <system-err><![CDATA[WARNING: A Java agent has been loaded dynamically (/home/rafarxs/.gradle/caches/modules-2/files-2.1/net.bytebuddy/byte-buddy-agent/1.17.7/fbf3d6d649ed37fc9e9c59480a05be0a26e3c2da/byte-buddy-agent-1.17.7.jar)
WARNING: If a serviceability tool is in use, please run with -XX:+EnableDynamicAgentLoading to hide this warning
WARNING: If a serviceability tool is not in use, please run with -Djdk.instrument.traceUsage for more information
WARNING: Dynamic loading of agents will be disallowed by default in a future release
]]></system-err>
</testsuite>
